ERROR - 2022-08-06 00:46:41 --> Cannot add or update a child row: a foreign key constraint fails (`tiket_penerbangan`.`rute`, CONSTRAINT `id_trans` FOREIGN KEY (`id_trans`) REFERENCES `transportasi` (`idtransportasi`) ON DELETE NO ACTION ON UPDATE NO ACTION)
CRITICAL - 2022-08-06 00:46:41 --> Cannot add or update a child row: a foreign key constraint fails (`tiket_penerbangan`.`rute`, CONSTRAINT `id_trans` FOREIGN KEY (`id_trans`) REFERENCES `transportasi` (`idtransportasi`) ON DELETE NO ACTION ON UPDATE NO ACTION)
in SYSTEMPATH\Database\MySQLi\Connection.php on line 292.
 1 SYSTEMPATH\Database\MySQLi\Connection.php(292): mysqli->query('INSERT INTO `rute` (`depart`, `rute_from`, `rute_to`, `price`, `id_trans`) VALUES (\'\', \'Jakarta\', \'Jayapu\', \'\', \'\')', 0)
 2 SYSTEMPATH\Database\BaseConnection.php(695): CodeIgniter\Database\MySQLi\Connection->execute('INSERT INTO `rute` (`depart`, `rute_from`, `rute_to`, `price`, `id_trans`) VALUES (\'\', \'Jakarta\', \'Jayapu\', \'\', \'\')')
 3 SYSTEMPATH\Database\BaseConnection.php(609): CodeIgniter\Database\BaseConnection->simpleQuery('INSERT INTO `rute` (`depart`, `rute_from`, `rute_to`, `price`, `id_trans`) VALUES (\'\', \'Jakarta\', \'Jayapu\', \'\', \'\')')
 4 SYSTEMPATH\Database\BaseBuilder.php(1904): CodeIgniter\Database\BaseConnection->query('INSERT INTO `rute` (`depart`, `rute_from`, `rute_to`, `price`, `id_trans`) VALUES (:depart:, :rute_from:, :rute_to:, :price:, :id_trans:)', [...], false)
 5 SYSTEMPATH\Model.php(278): CodeIgniter\Database\BaseBuilder->insert()
 6 SYSTEMPATH\BaseModel.php(738): CodeIgniter\Model->doInsert([...])
 7 SYSTEMPATH\Model.php(666): CodeIgniter\BaseModel->insert([...], false)
 8 SYSTEMPATH\BaseModel.php(658): CodeIgniter\Model->insert([...], false)
 9 APPPATH\Controllers\Penerbangan.php(35): CodeIgniter\BaseModel->save([...])
10 SYSTEMPATH\CodeIgniter.php(896): App\Controllers\Penerbangan->save()
11 SYSTEMPATH\CodeIgniter.php(466): CodeIgniter\CodeIgniter->runController(Object(App\Controllers\Penerbangan))
12 SYSTEMPATH\CodeIgniter.php(349): CodeIgniter\CodeIgniter->handleRequest(null, Object(Config\Cache), false)
13 FCPATH\index.php(55): CodeIgniter\CodeIgniter->run()
14 SYSTEMPATH\Commands\Server\rewrite.php(43): require_once('FCPATH\\index.php')
ERROR - 2022-08-06 17:08:17 --> Error connecting to the database: Unknown database 'tiket_penerbangan'
CRITICAL - 2022-08-06 17:08:17 --> Unable to connect to the database.
Main connection [MySQLi]: Unknown database 'tiket_penerbangan'
in SYSTEMPATH\Database\BaseConnection.php on line 416.
 1 SYSTEMPATH\Database\BaseConnection.php(586): CodeIgniter\Database\BaseConnection->initialize()
 2 SYSTEMPATH\Database\BaseBuilder.php(1585): CodeIgniter\Database\BaseConnection->query('SELECT `rute`.*, `transportasi`.`code`
FROM `rute`
JOIN `transportasi` ON `transportasi`.`idtransportasi`=`rute`.`id_trans`', [], false)
 3 SYSTEMPATH\Model.php(222): CodeIgniter\Database\BaseBuilder->get()
 4 SYSTEMPATH\BaseModel.php(584): CodeIgniter\Model->doFindAll(0, 0)
 5 APPPATH\Controllers\Penerbangan.php(17): CodeIgniter\BaseModel->findAll()
 6 SYSTEMPATH\CodeIgniter.php(896): App\Controllers\Penerbangan->index()
 7 SYSTEMPATH\CodeIgniter.php(466): CodeIgniter\CodeIgniter->runController(Object(App\Controllers\Penerbangan))
 8 SYSTEMPATH\CodeIgniter.php(349): CodeIgniter\CodeIgniter->handleRequest(null, Object(Config\Cache), false)
 9 FCPATH\index.php(55): CodeIgniter\CodeIgniter->run()
10 SYSTEMPATH\Commands\Server\rewrite.php(43): require_once('FCPATH\\index.php')
CRITICAL - 2022-08-06 17:08:51 --> Undefined variable $p
in APPPATH\Views\penerbangan\home.php on line 151.
 1 APPPATH\Views\penerbangan\home.php(151): CodeIgniter\Debug\Exceptions->errorHandler(2, 'Undefined variable $p', 'APPPATH\\Views\\penerbangan\\home.php', 151)
 2 SYSTEMPATH\View\View.php(213): include('APPPATH\\Views\\penerbangan\\home.php')
 3 SYSTEMPATH\View\View.php(216): CodeIgniter\View\View->CodeIgniter\View\{closure}()
 4 SYSTEMPATH\Common.php(1135): CodeIgniter\View\View->render('penerbangan/home', [], true)
 5 APPPATH\Controllers\Penerbangan.php(23): view('penerbangan/home', [...])
 6 SYSTEMPATH\CodeIgniter.php(896): App\Controllers\Penerbangan->index()
 7 SYSTEMPATH\CodeIgniter.php(466): CodeIgniter\CodeIgniter->runController(Object(App\Controllers\Penerbangan))
 8 SYSTEMPATH\CodeIgniter.php(349): CodeIgniter\CodeIgniter->handleRequest(null, Object(Config\Cache), false)
 9 FCPATH\index.php(55): CodeIgniter\CodeIgniter->run()
10 SYSTEMPATH\Commands\Server\rewrite.php(43): require_once('FCPATH\\index.php')
CRITICAL - 2022-08-06 17:09:14 --> Undefined variable $p
in APPPATH\Views\penerbangan\home.php on line 151.
 1 APPPATH\Views\penerbangan\home.php(151): CodeIgniter\Debug\Exceptions->errorHandler(2, 'Undefined variable $p', 'APPPATH\\Views\\penerbangan\\home.php', 151)
 2 SYSTEMPATH\View\View.php(213): include('APPPATH\\Views\\penerbangan\\home.php')
 3 SYSTEMPATH\View\View.php(216): CodeIgniter\View\View->CodeIgniter\View\{closure}()
 4 SYSTEMPATH\Common.php(1135): CodeIgniter\View\View->render('penerbangan/home', [], true)
 5 APPPATH\Controllers\Penerbangan.php(23): view('penerbangan/home', [...])
 6 SYSTEMPATH\CodeIgniter.php(896): App\Controllers\Penerbangan->index()
 7 SYSTEMPATH\CodeIgniter.php(466): CodeIgniter\CodeIgniter->runController(Object(App\Controllers\Penerbangan))
 8 SYSTEMPATH\CodeIgniter.php(349): CodeIgniter\CodeIgniter->handleRequest(null, Object(Config\Cache), false)
 9 FCPATH\index.php(55): CodeIgniter\CodeIgniter->run()
10 SYSTEMPATH\Commands\Server\rewrite.php(43): require_once('FCPATH\\index.php')
CRITICAL - 2022-08-06 17:10:05 --> Undefined variable $p
in APPPATH\Views\penerbangan\home.php on line 151.
 1 APPPATH\Views\penerbangan\home.php(151): CodeIgniter\Debug\Exceptions->errorHandler(2, 'Undefined variable $p', 'APPPATH\\Views\\penerbangan\\home.php', 151)
 2 SYSTEMPATH\View\View.php(213): include('APPPATH\\Views\\penerbangan\\home.php')
 3 SYSTEMPATH\View\View.php(216): CodeIgniter\View\View->CodeIgniter\View\{closure}()
 4 SYSTEMPATH\Common.php(1135): CodeIgniter\View\View->render('penerbangan/home', [], true)
 5 APPPATH\Controllers\Penerbangan.php(23): view('penerbangan/home', [...])
 6 SYSTEMPATH\CodeIgniter.php(896): App\Controllers\Penerbangan->index()
 7 SYSTEMPATH\CodeIgniter.php(466): CodeIgniter\CodeIgniter->runController(Object(App\Controllers\Penerbangan))
 8 SYSTEMPATH\CodeIgniter.php(349): CodeIgniter\CodeIgniter->handleRequest(null, Object(Config\Cache), false)
 9 FCPATH\index.php(55): CodeIgniter\CodeIgniter->run()
10 SYSTEMPATH\Commands\Server\rewrite.php(43): require_once('FCPATH\\index.php')
CRITICAL - 2022-08-06 17:14:35 --> Undefined array key "depart"
in APPPATH\Views\penerbangan\home.php on line 151.
 1 APPPATH\Views\penerbangan\home.php(151): CodeIgniter\Debug\Exceptions->errorHandler(2, 'Undefined array key "depart"', 'APPPATH\\Views\\penerbangan\\home.php', 151)
 2 SYSTEMPATH\View\View.php(213): include('APPPATH\\Views\\penerbangan\\home.php')
 3 SYSTEMPATH\View\View.php(216): CodeIgniter\View\View->CodeIgniter\View\{closure}()
 4 SYSTEMPATH\Common.php(1135): CodeIgniter\View\View->render('penerbangan/home', [], true)
 5 APPPATH\Controllers\Penerbangan.php(23): view('penerbangan/home', [...])
 6 SYSTEMPATH\CodeIgniter.php(896): App\Controllers\Penerbangan->index()
 7 SYSTEMPATH\CodeIgniter.php(466): CodeIgniter\CodeIgniter->runController(Object(App\Controllers\Penerbangan))
 8 SYSTEMPATH\CodeIgniter.php(349): CodeIgniter\CodeIgniter->handleRequest(null, Object(Config\Cache), false)
 9 FCPATH\index.php(55): CodeIgniter\CodeIgniter->run()
10 SYSTEMPATH\Commands\Server\rewrite.php(43): require_once('FCPATH\\index.php')
CRITICAL - 2022-08-06 17:16:42 --> Undefined variable $data
in APPPATH\Views\penerbangan\home.php on line 151.
 1 APPPATH\Views\penerbangan\home.php(151): CodeIgniter\Debug\Exceptions->errorHandler(2, 'Undefined variable $data', 'APPPATH\\Views\\penerbangan\\home.php', 151)
 2 SYSTEMPATH\View\View.php(213): include('APPPATH\\Views\\penerbangan\\home.php')
 3 SYSTEMPATH\View\View.php(216): CodeIgniter\View\View->CodeIgniter\View\{closure}()
 4 SYSTEMPATH\Common.php(1135): CodeIgniter\View\View->render('penerbangan/home', [], true)
 5 APPPATH\Controllers\Penerbangan.php(23): view('penerbangan/home', [...])
 6 SYSTEMPATH\CodeIgniter.php(896): App\Controllers\Penerbangan->index()
 7 SYSTEMPATH\CodeIgniter.php(466): CodeIgniter\CodeIgniter->runController(Object(App\Controllers\Penerbangan))
 8 SYSTEMPATH\CodeIgniter.php(349): CodeIgniter\CodeIgniter->handleRequest(null, Object(Config\Cache), false)
 9 FCPATH\index.php(55): CodeIgniter\CodeIgniter->run()
10 SYSTEMPATH\Commands\Server\rewrite.php(43): require_once('FCPATH\\index.php')
CRITICAL - 2022-08-06 17:19:07 --> Undefined array key "depart"
in APPPATH\Views\penerbangan\home.php on line 151.
 1 APPPATH\Views\penerbangan\home.php(151): CodeIgniter\Debug\Exceptions->errorHandler(2, 'Undefined array key "depart"', 'APPPATH\\Views\\penerbangan\\home.php', 151)
 2 SYSTEMPATH\View\View.php(213): include('APPPATH\\Views\\penerbangan\\home.php')
 3 SYSTEMPATH\View\View.php(216): CodeIgniter\View\View->CodeIgniter\View\{closure}()
 4 SYSTEMPATH\Common.php(1135): CodeIgniter\View\View->render('penerbangan/home', [], true)
 5 APPPATH\Controllers\Penerbangan.php(23): view('penerbangan/home', [...])
 6 SYSTEMPATH\CodeIgniter.php(896): App\Controllers\Penerbangan->index()
 7 SYSTEMPATH\CodeIgniter.php(466): CodeIgniter\CodeIgniter->runController(Object(App\Controllers\Penerbangan))
 8 SYSTEMPATH\CodeIgniter.php(349): CodeIgniter\CodeIgniter->handleRequest(null, Object(Config\Cache), false)
 9 FCPATH\index.php(55): CodeIgniter\CodeIgniter->run()
10 SYSTEMPATH\Commands\Server\rewrite.php(43): require_once('FCPATH\\index.php')
CRITICAL - 2022-08-06 18:15:10 --> Undefined variable $p
in APPPATH\Views\penerbangan\home.php on line 151.
 1 APPPATH\Views\penerbangan\home.php(151): CodeIgniter\Debug\Exceptions->errorHandler(2, 'Undefined variable $p', 'APPPATH\\Views\\penerbangan\\home.php', 151)
 2 SYSTEMPATH\View\View.php(213): include('APPPATH\\Views\\penerbangan\\home.php')
 3 SYSTEMPATH\View\View.php(216): CodeIgniter\View\View->CodeIgniter\View\{closure}()
 4 SYSTEMPATH\Common.php(1135): CodeIgniter\View\View->render('penerbangan/home', [], true)
 5 APPPATH\Controllers\Penerbangan.php(23): view('penerbangan/home', [...])
 6 SYSTEMPATH\CodeIgniter.php(896): App\Controllers\Penerbangan->index()
 7 SYSTEMPATH\CodeIgniter.php(466): CodeIgniter\CodeIgniter->runController(Object(App\Controllers\Penerbangan))
 8 SYSTEMPATH\CodeIgniter.php(349): CodeIgniter\CodeIgniter->handleRequest(null, Object(Config\Cache), false)
 9 FCPATH\index.php(55): CodeIgniter\CodeIgniter->run()
10 SYSTEMPATH\Commands\Server\rewrite.php(43): require_once('FCPATH\\index.php')
CRITICAL - 2022-08-06 18:23:01 --> Undefined variable $judul
in APPPATH\Views\Auth_vw.php on line 8.
 1 APPPATH\Views\Auth_vw.php(8): CodeIgniter\Debug\Exceptions->errorHandler(2, 'Undefined variable $judul', 'APPPATH\\Views\\Auth_vw.php', 8)
 2 SYSTEMPATH\View\View.php(213): include('APPPATH\\Views\\Auth_vw.php')
 3 SYSTEMPATH\View\View.php(216): CodeIgniter\View\View->CodeIgniter\View\{closure}()
 4 SYSTEMPATH\Common.php(1135): CodeIgniter\View\View->render('auth_vw', [], true)
 5 APPPATH\Controllers\Auth.php(12): view('auth_vw')
 6 SYSTEMPATH\CodeIgniter.php(896): App\Controllers\Auth->index()
 7 SYSTEMPATH\CodeIgniter.php(466): CodeIgniter\CodeIgniter->runController(Object(App\Controllers\Auth))
 8 SYSTEMPATH\CodeIgniter.php(349): CodeIgniter\CodeIgniter->handleRequest(null, Object(Config\Cache), false)
 9 FCPATH\index.php(55): CodeIgniter\CodeIgniter->run()
10 SYSTEMPATH\Commands\Server\rewrite.php(43): require_once('FCPATH\\index.php')
