ERROR - 2022-08-05 03:12:48 --> Unknown column 'rute.deleted_at' in 'where clause'
CRITICAL - 2022-08-05 03:12:48 --> Unknown column 'rute.deleted_at' in 'where clause'
in SYSTEMPATH\Database\MySQLi\Connection.php on line 292.
 1 SYSTEMPATH\Database\MySQLi\Connection.php(292): mysqli->query('SELECT *
FROM `rute`
WHERE `rute`.`deleted_at` IS NULL', 0)
 2 SYSTEMPATH\Database\BaseConnection.php(695): CodeIgniter\Database\MySQLi\Connection->execute('SELECT *
FROM `rute`
WHERE `rute`.`deleted_at` IS NULL')
 3 SYSTEMPATH\Database\BaseConnection.php(609): CodeIgniter\Database\BaseConnection->simpleQuery('SELECT *
FROM `rute`
WHERE `rute`.`deleted_at` IS NULL')
 4 SYSTEMPATH\Database\BaseBuilder.php(1585): CodeIgniter\Database\BaseConnection->query('SELECT *
FROM `rute`
WHERE `rute`.`deleted_at` IS NULL', [], false)
 5 SYSTEMPATH\Model.php(222): CodeIgniter\Database\BaseBuilder->get()
 6 SYSTEMPATH\BaseModel.php(584): CodeIgniter\Model->doFindAll(0, 0)
 7 APPPATH\Controllers\Penerbangan.php(12): CodeIgniter\BaseModel->findAll()
 8 SYSTEMPATH\CodeIgniter.php(896): App\Controllers\Penerbangan->index()
 9 SYSTEMPATH\CodeIgniter.php(466): CodeIgniter\CodeIgniter->runController(Object(App\Controllers\Penerbangan))
10 SYSTEMPATH\CodeIgniter.php(349): CodeIgniter\CodeIgniter->handleRequest(null, Object(Config\Cache), false)
11 FCPATH\index.php(55): CodeIgniter\CodeIgniter->run()
12 SYSTEMPATH\Commands\Server\rewrite.php(43): require_once('FCPATH\\index.php')
ERROR - 2022-08-05 03:14:58 --> Unknown column 'rute.deleted_at' in 'where clause'
CRITICAL - 2022-08-05 03:14:58 --> Unknown column 'rute.deleted_at' in 'where clause'
in SYSTEMPATH\Database\MySQLi\Connection.php on line 292.
 1 SYSTEMPATH\Database\MySQLi\Connection.php(292): mysqli->query('SELECT *
FROM `rute`
WHERE `rute`.`deleted_at` IS NULL', 0)
 2 SYSTEMPATH\Database\BaseConnection.php(695): CodeIgniter\Database\MySQLi\Connection->execute('SELECT *
FROM `rute`
WHERE `rute`.`deleted_at` IS NULL')
 3 SYSTEMPATH\Database\BaseConnection.php(609): CodeIgniter\Database\BaseConnection->simpleQuery('SELECT *
FROM `rute`
WHERE `rute`.`deleted_at` IS NULL')
 4 SYSTEMPATH\Database\BaseBuilder.php(1585): CodeIgniter\Database\BaseConnection->query('SELECT *
FROM `rute`
WHERE `rute`.`deleted_at` IS NULL', [], false)
 5 SYSTEMPATH\Model.php(222): CodeIgniter\Database\BaseBuilder->get()
 6 SYSTEMPATH\BaseModel.php(584): CodeIgniter\Model->doFindAll(0, 0)
 7 APPPATH\Controllers\Penerbangan.php(12): CodeIgniter\BaseModel->findAll()
 8 SYSTEMPATH\CodeIgniter.php(896): App\Controllers\Penerbangan->index()
 9 SYSTEMPATH\CodeIgniter.php(466): CodeIgniter\CodeIgniter->runController(Object(App\Controllers\Penerbangan))
10 SYSTEMPATH\CodeIgniter.php(349): CodeIgniter\CodeIgniter->handleRequest(null, Object(Config\Cache), false)
11 FCPATH\index.php(55): CodeIgniter\CodeIgniter->run()
12 SYSTEMPATH\Commands\Server\rewrite.php(43): require_once('FCPATH\\index.php')
ERROR - 2022-08-05 03:15:16 --> Unknown column 'rute.deleted_at' in 'where clause'
CRITICAL - 2022-08-05 03:15:16 --> Unknown column 'rute.deleted_at' in 'where clause'
in SYSTEMPATH\Database\MySQLi\Connection.php on line 292.
 1 SYSTEMPATH\Database\MySQLi\Connection.php(292): mysqli->query('SELECT *
FROM `rute`
WHERE `rute`.`deleted_at` IS NULL', 0)
 2 SYSTEMPATH\Database\BaseConnection.php(695): CodeIgniter\Database\MySQLi\Connection->execute('SELECT *
FROM `rute`
WHERE `rute`.`deleted_at` IS NULL')
 3 SYSTEMPATH\Database\BaseConnection.php(609): CodeIgniter\Database\BaseConnection->simpleQuery('SELECT *
FROM `rute`
WHERE `rute`.`deleted_at` IS NULL')
 4 SYSTEMPATH\Database\BaseBuilder.php(1585): CodeIgniter\Database\BaseConnection->query('SELECT *
FROM `rute`
WHERE `rute`.`deleted_at` IS NULL', [], false)
 5 SYSTEMPATH\Model.php(222): CodeIgniter\Database\BaseBuilder->get()
 6 SYSTEMPATH\BaseModel.php(584): CodeIgniter\Model->doFindAll(0, 0)
 7 APPPATH\Controllers\Penerbangan.php(12): CodeIgniter\BaseModel->findAll()
 8 SYSTEMPATH\CodeIgniter.php(896): App\Controllers\Penerbangan->index()
 9 SYSTEMPATH\CodeIgniter.php(466): CodeIgniter\CodeIgniter->runController(Object(App\Controllers\Penerbangan))
10 SYSTEMPATH\CodeIgniter.php(349): CodeIgniter\CodeIgniter->handleRequest(null, Object(Config\Cache), false)
11 FCPATH\index.php(55): CodeIgniter\CodeIgniter->run()
12 SYSTEMPATH\Commands\Server\rewrite.php(43): require_once('FCPATH\\index.php')
ERROR - 2022-08-05 03:15:20 --> Unknown column 'rute.deleted_at' in 'where clause'
CRITICAL - 2022-08-05 03:15:20 --> Unknown column 'rute.deleted_at' in 'where clause'
in SYSTEMPATH\Database\MySQLi\Connection.php on line 292.
 1 SYSTEMPATH\Database\MySQLi\Connection.php(292): mysqli->query('SELECT *
FROM `rute`
WHERE `rute`.`deleted_at` IS NULL', 0)
 2 SYSTEMPATH\Database\BaseConnection.php(695): CodeIgniter\Database\MySQLi\Connection->execute('SELECT *
FROM `rute`
WHERE `rute`.`deleted_at` IS NULL')
 3 SYSTEMPATH\Database\BaseConnection.php(609): CodeIgniter\Database\BaseConnection->simpleQuery('SELECT *
FROM `rute`
WHERE `rute`.`deleted_at` IS NULL')
 4 SYSTEMPATH\Database\BaseBuilder.php(1585): CodeIgniter\Database\BaseConnection->query('SELECT *
FROM `rute`
WHERE `rute`.`deleted_at` IS NULL', [], false)
 5 SYSTEMPATH\Model.php(222): CodeIgniter\Database\BaseBuilder->get()
 6 SYSTEMPATH\BaseModel.php(584): CodeIgniter\Model->doFindAll(0, 0)
 7 APPPATH\Controllers\Penerbangan.php(12): CodeIgniter\BaseModel->findAll()
 8 SYSTEMPATH\CodeIgniter.php(896): App\Controllers\Penerbangan->index()
 9 SYSTEMPATH\CodeIgniter.php(466): CodeIgniter\CodeIgniter->runController(Object(App\Controllers\Penerbangan))
10 SYSTEMPATH\CodeIgniter.php(349): CodeIgniter\CodeIgniter->handleRequest(null, Object(Config\Cache), false)
11 FCPATH\index.php(55): CodeIgniter\CodeIgniter->run()
12 SYSTEMPATH\Commands\Server\rewrite.php(43): require_once('FCPATH\\index.php')
ERROR - 2022-08-05 03:19:31 --> Unknown column 'rute.deleted_at' in 'where clause'
CRITICAL - 2022-08-05 03:19:31 --> Unknown column 'rute.deleted_at' in 'where clause'
in SYSTEMPATH\Database\MySQLi\Connection.php on line 292.
 1 SYSTEMPATH\Database\MySQLi\Connection.php(292): mysqli->query('SELECT *
FROM `rute`
WHERE `rute`.`deleted_at` IS NULL', 0)
 2 SYSTEMPATH\Database\BaseConnection.php(695): CodeIgniter\Database\MySQLi\Connection->execute('SELECT *
FROM `rute`
WHERE `rute`.`deleted_at` IS NULL')
 3 SYSTEMPATH\Database\BaseConnection.php(609): CodeIgniter\Database\BaseConnection->simpleQuery('SELECT *
FROM `rute`
WHERE `rute`.`deleted_at` IS NULL')
 4 SYSTEMPATH\Database\BaseBuilder.php(1585): CodeIgniter\Database\BaseConnection->query('SELECT *
FROM `rute`
WHERE `rute`.`deleted_at` IS NULL', [], false)
 5 SYSTEMPATH\Model.php(222): CodeIgniter\Database\BaseBuilder->get()
 6 SYSTEMPATH\BaseModel.php(584): CodeIgniter\Model->doFindAll(0, 0)
 7 APPPATH\Controllers\Penerbangan.php(12): CodeIgniter\BaseModel->findAll()
 8 SYSTEMPATH\CodeIgniter.php(896): App\Controllers\Penerbangan->index()
 9 SYSTEMPATH\CodeIgniter.php(466): CodeIgniter\CodeIgniter->runController(Object(App\Controllers\Penerbangan))
10 SYSTEMPATH\CodeIgniter.php(349): CodeIgniter\CodeIgniter->handleRequest(null, Object(Config\Cache), false)
11 FCPATH\index.php(55): CodeIgniter\CodeIgniter->run()
12 SYSTEMPATH\Commands\Server\rewrite.php(43): require_once('FCPATH\\index.php')
ERROR - 2022-08-05 03:21:09 --> Unknown column 'rute.deleted_at' in 'where clause'
CRITICAL - 2022-08-05 03:21:09 --> Unknown column 'rute.deleted_at' in 'where clause'
in SYSTEMPATH\Database\MySQLi\Connection.php on line 292.
 1 SYSTEMPATH\Database\MySQLi\Connection.php(292): mysqli->query('SELECT *
FROM `rute`
WHERE `rute`.`deleted_at` IS NULL', 0)
 2 SYSTEMPATH\Database\BaseConnection.php(695): CodeIgniter\Database\MySQLi\Connection->execute('SELECT *
FROM `rute`
WHERE `rute`.`deleted_at` IS NULL')
 3 SYSTEMPATH\Database\BaseConnection.php(609): CodeIgniter\Database\BaseConnection->simpleQuery('SELECT *
FROM `rute`
WHERE `rute`.`deleted_at` IS NULL')
 4 SYSTEMPATH\Database\BaseBuilder.php(1585): CodeIgniter\Database\BaseConnection->query('SELECT *
FROM `rute`
WHERE `rute`.`deleted_at` IS NULL', [], false)
 5 SYSTEMPATH\Model.php(222): CodeIgniter\Database\BaseBuilder->get()
 6 SYSTEMPATH\BaseModel.php(584): CodeIgniter\Model->doFindAll(0, 0)
 7 APPPATH\Controllers\Penerbangan.php(12): CodeIgniter\BaseModel->findAll()
 8 SYSTEMPATH\CodeIgniter.php(896): App\Controllers\Penerbangan->index()
 9 SYSTEMPATH\CodeIgniter.php(466): CodeIgniter\CodeIgniter->runController(Object(App\Controllers\Penerbangan))
10 SYSTEMPATH\CodeIgniter.php(349): CodeIgniter\CodeIgniter->handleRequest(null, Object(Config\Cache), false)
11 FCPATH\index.php(55): CodeIgniter\CodeIgniter->run()
12 SYSTEMPATH\Commands\Server\rewrite.php(43): require_once('FCPATH\\index.php')
CRITICAL - 2022-08-05 03:42:07 --> Undefined variable: rute
in APPPATH\Views\penerbangan\home.php on line 46.
 1 APPPATH\Views\penerbangan\home.php(46): CodeIgniter\Debug\Exceptions->errorHandler(8, 'Undefined variable: rute', 'APPPATH\\Views\\penerbangan\\home.php', 46, [])
 2 SYSTEMPATH\View\View.php(213): include('APPPATH\\Views\\penerbangan\\home.php')
 3 SYSTEMPATH\View\View.php(216): CodeIgniter\View\View->CodeIgniter\View\{closure}()
 4 SYSTEMPATH\Common.php(1135): CodeIgniter\View\View->render('penerbangan/home', [], true)
 5 APPPATH\Controllers\Penerbangan.php(23): view('penerbangan/home')
 6 SYSTEMPATH\CodeIgniter.php(896): App\Controllers\Penerbangan->index()
 7 SYSTEMPATH\CodeIgniter.php(466): CodeIgniter\CodeIgniter->runController(Object(App\Controllers\Penerbangan))
 8 SYSTEMPATH\CodeIgniter.php(349): CodeIgniter\CodeIgniter->handleRequest(null, Object(Config\Cache), false)
 9 FCPATH\index.php(55): CodeIgniter\CodeIgniter->run()
10 SYSTEMPATH\Commands\Server\rewrite.php(43): require_once('FCPATH\\index.php')
CRITICAL - 2022-08-05 04:07:45 --> Trying to access array offset on value of type int
in APPPATH\Views\penerbangan\home.php on line 48.
 1 APPPATH\Views\penerbangan\home.php(48): CodeIgniter\Debug\Exceptions->errorHandler(8, 'Trying to access array offset on value of type int', 'APPPATH\\Views\\penerbangan\\home.php', 48, [...])
 2 SYSTEMPATH\View\View.php(213): include('APPPATH\\Views\\penerbangan\\home.php')
 3 SYSTEMPATH\View\View.php(216): CodeIgniter\View\View->CodeIgniter\View\{closure}()
 4 SYSTEMPATH\Common.php(1135): CodeIgniter\View\View->render('penerbangan/home', [], true)
 5 APPPATH\Controllers\Penerbangan.php(28): view('penerbangan/home', [...])
 6 SYSTEMPATH\CodeIgniter.php(896): App\Controllers\Penerbangan->index()
 7 SYSTEMPATH\CodeIgniter.php(466): CodeIgniter\CodeIgniter->runController(Object(App\Controllers\Penerbangan))
 8 SYSTEMPATH\CodeIgniter.php(349): CodeIgniter\CodeIgniter->handleRequest(null, Object(Config\Cache), false)
 9 FCPATH\index.php(55): CodeIgniter\CodeIgniter->run()
10 SYSTEMPATH\Commands\Server\rewrite.php(43): require_once('FCPATH\\index.php')
CRITICAL - 2022-08-05 04:08:14 --> Trying to access array offset on value of type int
in APPPATH\Views\penerbangan\home.php on line 48.
 1 APPPATH\Views\penerbangan\home.php(48): CodeIgniter\Debug\Exceptions->errorHandler(8, 'Trying to access array offset on value of type int', 'APPPATH\\Views\\penerbangan\\home.php', 48, [...])
 2 SYSTEMPATH\View\View.php(213): include('APPPATH\\Views\\penerbangan\\home.php')
 3 SYSTEMPATH\View\View.php(216): CodeIgniter\View\View->CodeIgniter\View\{closure}()
 4 SYSTEMPATH\Common.php(1135): CodeIgniter\View\View->render('penerbangan/home', [], true)
 5 APPPATH\Controllers\Penerbangan.php(28): view('penerbangan/home', [...])
 6 SYSTEMPATH\CodeIgniter.php(896): App\Controllers\Penerbangan->index()
 7 SYSTEMPATH\CodeIgniter.php(466): CodeIgniter\CodeIgniter->runController(Object(App\Controllers\Penerbangan))
 8 SYSTEMPATH\CodeIgniter.php(349): CodeIgniter\CodeIgniter->handleRequest(null, Object(Config\Cache), false)
 9 FCPATH\index.php(55): CodeIgniter\CodeIgniter->run()
10 SYSTEMPATH\Commands\Server\rewrite.php(43): require_once('FCPATH\\index.php')
CRITICAL - 2022-08-05 04:08:43 --> Undefined index: code
in APPPATH\Views\penerbangan\home.php on line 52.
 1 APPPATH\Views\penerbangan\home.php(52): CodeIgniter\Debug\Exceptions->errorHandler(8, 'Undefined index: code', 'APPPATH\\Views\\penerbangan\\home.php', 52, [...])
 2 SYSTEMPATH\View\View.php(213): include('APPPATH\\Views\\penerbangan\\home.php')
 3 SYSTEMPATH\View\View.php(216): CodeIgniter\View\View->CodeIgniter\View\{closure}()
 4 SYSTEMPATH\Common.php(1135): CodeIgniter\View\View->render('penerbangan/home', [], true)
 5 APPPATH\Controllers\Penerbangan.php(28): view('penerbangan/home', [...])
 6 SYSTEMPATH\CodeIgniter.php(896): App\Controllers\Penerbangan->index()
 7 SYSTEMPATH\CodeIgniter.php(466): CodeIgniter\CodeIgniter->runController(Object(App\Controllers\Penerbangan))
 8 SYSTEMPATH\CodeIgniter.php(349): CodeIgniter\CodeIgniter->handleRequest(null, Object(Config\Cache), false)
 9 FCPATH\index.php(55): CodeIgniter\CodeIgniter->run()
10 SYSTEMPATH\Commands\Server\rewrite.php(43): require_once('FCPATH\\index.php')
CRITICAL - 2022-08-05 04:10:42 --> Trying to access array offset on value of type int
in APPPATH\Views\penerbangan\home.php on line 48.
 1 APPPATH\Views\penerbangan\home.php(48): CodeIgniter\Debug\Exceptions->errorHandler(8, 'Trying to access array offset on value of type int', 'APPPATH\\Views\\penerbangan\\home.php', 48, [...])
 2 SYSTEMPATH\View\View.php(213): include('APPPATH\\Views\\penerbangan\\home.php')
 3 SYSTEMPATH\View\View.php(216): CodeIgniter\View\View->CodeIgniter\View\{closure}()
 4 SYSTEMPATH\Common.php(1135): CodeIgniter\View\View->render('penerbangan/home', [], true)
 5 APPPATH\Controllers\Penerbangan.php(28): view('penerbangan/home', [...])
 6 SYSTEMPATH\CodeIgniter.php(896): App\Controllers\Penerbangan->index()
 7 SYSTEMPATH\CodeIgniter.php(466): CodeIgniter\CodeIgniter->runController(Object(App\Controllers\Penerbangan))
 8 SYSTEMPATH\CodeIgniter.php(349): CodeIgniter\CodeIgniter->handleRequest(null, Object(Config\Cache), false)
 9 FCPATH\index.php(55): CodeIgniter\CodeIgniter->run()
10 SYSTEMPATH\Commands\Server\rewrite.php(43): require_once('FCPATH\\index.php')
CRITICAL - 2022-08-05 04:22:08 --> Undefined index: code
in APPPATH\Views\penerbangan\home.php on line 52.
 1 APPPATH\Views\penerbangan\home.php(52): CodeIgniter\Debug\Exceptions->errorHandler(8, 'Undefined index: code', 'APPPATH\\Views\\penerbangan\\home.php', 52, [...])
 2 SYSTEMPATH\View\View.php(213): include('APPPATH\\Views\\penerbangan\\home.php')
 3 SYSTEMPATH\View\View.php(216): CodeIgniter\View\View->CodeIgniter\View\{closure}()
 4 SYSTEMPATH\Common.php(1135): CodeIgniter\View\View->render('penerbangan/home', [], true)
 5 APPPATH\Controllers\Penerbangan.php(27): view('penerbangan/home', [...])
 6 SYSTEMPATH\CodeIgniter.php(896): App\Controllers\Penerbangan->index()
 7 SYSTEMPATH\CodeIgniter.php(466): CodeIgniter\CodeIgniter->runController(Object(App\Controllers\Penerbangan))
 8 SYSTEMPATH\CodeIgniter.php(349): CodeIgniter\CodeIgniter->handleRequest(null, Object(Config\Cache), false)
 9 FCPATH\index.php(55): CodeIgniter\CodeIgniter->run()
10 SYSTEMPATH\Commands\Server\rewrite.php(43): require_once('FCPATH\\index.php')
CRITICAL - 2022-08-05 04:23:40 --> Undefined index: getcode
in APPPATH\Views\penerbangan\home.php on line 52.
 1 APPPATH\Views\penerbangan\home.php(52): CodeIgniter\Debug\Exceptions->errorHandler(8, 'Undefined index: getcode', 'APPPATH\\Views\\penerbangan\\home.php', 52, [...])
 2 SYSTEMPATH\View\View.php(213): include('APPPATH\\Views\\penerbangan\\home.php')
 3 SYSTEMPATH\View\View.php(216): CodeIgniter\View\View->CodeIgniter\View\{closure}()
 4 SYSTEMPATH\Common.php(1135): CodeIgniter\View\View->render('penerbangan/home', [], true)
 5 APPPATH\Controllers\Penerbangan.php(27): view('penerbangan/home', [...])
 6 SYSTEMPATH\CodeIgniter.php(896): App\Controllers\Penerbangan->index()
 7 SYSTEMPATH\CodeIgniter.php(466): CodeIgniter\CodeIgniter->runController(Object(App\Controllers\Penerbangan))
 8 SYSTEMPATH\CodeIgniter.php(349): CodeIgniter\CodeIgniter->handleRequest(null, Object(Config\Cache), false)
 9 FCPATH\index.php(55): CodeIgniter\CodeIgniter->run()
10 SYSTEMPATH\Commands\Server\rewrite.php(43): require_once('FCPATH\\index.php')
CRITICAL - 2022-08-05 04:23:48 --> Undefined index: code
in APPPATH\Views\penerbangan\home.php on line 52.
 1 APPPATH\Views\penerbangan\home.php(52): CodeIgniter\Debug\Exceptions->errorHandler(8, 'Undefined index: code', 'APPPATH\\Views\\penerbangan\\home.php', 52, [...])
 2 SYSTEMPATH\View\View.php(213): include('APPPATH\\Views\\penerbangan\\home.php')
 3 SYSTEMPATH\View\View.php(216): CodeIgniter\View\View->CodeIgniter\View\{closure}()
 4 SYSTEMPATH\Common.php(1135): CodeIgniter\View\View->render('penerbangan/home', [], true)
 5 APPPATH\Controllers\Penerbangan.php(27): view('penerbangan/home', [...])
 6 SYSTEMPATH\CodeIgniter.php(896): App\Controllers\Penerbangan->index()
 7 SYSTEMPATH\CodeIgniter.php(466): CodeIgniter\CodeIgniter->runController(Object(App\Controllers\Penerbangan))
 8 SYSTEMPATH\CodeIgniter.php(349): CodeIgniter\CodeIgniter->handleRequest(null, Object(Config\Cache), false)
 9 FCPATH\index.php(55): CodeIgniter\CodeIgniter->run()
10 SYSTEMPATH\Commands\Server\rewrite.php(43): require_once('FCPATH\\index.php')
CRITICAL - 2022-08-05 04:40:07 --> Undefined index: code
in APPPATH\Views\penerbangan\home.php on line 52.
 1 APPPATH\Views\penerbangan\home.php(52): CodeIgniter\Debug\Exceptions->errorHandler(8, 'Undefined index: code', 'APPPATH\\Views\\penerbangan\\home.php', 52, [...])
 2 SYSTEMPATH\View\View.php(213): include('APPPATH\\Views\\penerbangan\\home.php')
 3 SYSTEMPATH\View\View.php(216): CodeIgniter\View\View->CodeIgniter\View\{closure}()
 4 SYSTEMPATH\Common.php(1135): CodeIgniter\View\View->render('penerbangan/home', [], true)
 5 APPPATH\Controllers\Penerbangan.php(23): view('penerbangan/home', [...])
 6 SYSTEMPATH\CodeIgniter.php(896): App\Controllers\Penerbangan->index()
 7 SYSTEMPATH\CodeIgniter.php(466): CodeIgniter\CodeIgniter->runController(Object(App\Controllers\Penerbangan))
 8 SYSTEMPATH\CodeIgniter.php(349): CodeIgniter\CodeIgniter->handleRequest(null, Object(Config\Cache), false)
 9 FCPATH\index.php(55): CodeIgniter\CodeIgniter->run()
10 SYSTEMPATH\Commands\Server\rewrite.php(43): require_once('FCPATH\\index.php')
CRITICAL - 2022-08-05 04:40:30 --> Undefined index: code
in APPPATH\Views\penerbangan\home.php on line 52.
 1 APPPATH\Views\penerbangan\home.php(52): CodeIgniter\Debug\Exceptions->errorHandler(8, 'Undefined index: code', 'APPPATH\\Views\\penerbangan\\home.php', 52, [...])
 2 SYSTEMPATH\View\View.php(213): include('APPPATH\\Views\\penerbangan\\home.php')
 3 SYSTEMPATH\View\View.php(216): CodeIgniter\View\View->CodeIgniter\View\{closure}()
 4 SYSTEMPATH\Common.php(1135): CodeIgniter\View\View->render('penerbangan/home', [], true)
 5 APPPATH\Controllers\Penerbangan.php(23): view('penerbangan/home', [...])
 6 SYSTEMPATH\CodeIgniter.php(896): App\Controllers\Penerbangan->index()
 7 SYSTEMPATH\CodeIgniter.php(466): CodeIgniter\CodeIgniter->runController(Object(App\Controllers\Penerbangan))
 8 SYSTEMPATH\CodeIgniter.php(349): CodeIgniter\CodeIgniter->handleRequest(null, Object(Config\Cache), false)
 9 FCPATH\index.php(55): CodeIgniter\CodeIgniter->run()
10 SYSTEMPATH\Commands\Server\rewrite.php(43): require_once('FCPATH\\index.php')
ERROR - 2022-08-05 04:51:00 --> Unknown column 'active' in 'where clause'
CRITICAL - 2022-08-05 04:51:00 --> Unknown column 'active' in 'where clause'
in SYSTEMPATH\Database\MySQLi\Connection.php on line 292.
 1 SYSTEMPATH\Database\MySQLi\Connection.php(292): mysqli->query('SELECT *
FROM `rute`
WHERE `active` = 1
AND `rute`.`idrute` = \'code\'', 0)
 2 SYSTEMPATH\Database\BaseConnection.php(695): CodeIgniter\Database\MySQLi\Connection->execute('SELECT *
FROM `rute`
WHERE `active` = 1
AND `rute`.`idrute` = \'code\'')
 3 SYSTEMPATH\Database\BaseConnection.php(609): CodeIgniter\Database\BaseConnection->simpleQuery('SELECT *
FROM `rute`
WHERE `active` = 1
AND `rute`.`idrute` = \'code\'')
 4 SYSTEMPATH\Database\BaseBuilder.php(1585): CodeIgniter\Database\BaseConnection->query('SELECT *
FROM `rute`
WHERE `active` = :active:
AND `rute`.`idrute` = :rute.idrute:', [...], false)
 5 SYSTEMPATH\Model.php(181): CodeIgniter\Database\BaseBuilder->get()
 6 SYSTEMPATH\BaseModel.php(523): CodeIgniter\Model->doFind(true, 'code')
 7 APPPATH\Controllers\Penerbangan.php(20): CodeIgniter\BaseModel->find('code')
 8 SYSTEMPATH\CodeIgniter.php(896): App\Controllers\Penerbangan->index()
 9 SYSTEMPATH\CodeIgniter.php(466): CodeIgniter\CodeIgniter->runController(Object(App\Controllers\Penerbangan))
10 SYSTEMPATH\CodeIgniter.php(349): CodeIgniter\CodeIgniter->handleRequest(null, Object(Config\Cache), false)
11 FCPATH\index.php(55): CodeIgniter\CodeIgniter->run()
12 SYSTEMPATH\Commands\Server\rewrite.php(43): require_once('FCPATH\\index.php')
CRITICAL - 2022-08-05 04:51:25 --> Invalid argument supplied for foreach()
in APPPATH\Views\penerbangan\home.php on line 46.
 1 APPPATH\Views\penerbangan\home.php(46): CodeIgniter\Debug\Exceptions->errorHandler(2, 'Invalid argument supplied for foreach()', 'APPPATH\\Views\\penerbangan\\home.php', 46, [...])
 2 SYSTEMPATH\View\View.php(213): include('APPPATH\\Views\\penerbangan\\home.php')
 3 SYSTEMPATH\View\View.php(216): CodeIgniter\View\View->CodeIgniter\View\{closure}()
 4 SYSTEMPATH\Common.php(1135): CodeIgniter\View\View->render('penerbangan/home', [], true)
 5 APPPATH\Controllers\Penerbangan.php(28): view('penerbangan/home', [...])
 6 SYSTEMPATH\CodeIgniter.php(896): App\Controllers\Penerbangan->index()
 7 SYSTEMPATH\CodeIgniter.php(466): CodeIgniter\CodeIgniter->runController(Object(App\Controllers\Penerbangan))
 8 SYSTEMPATH\CodeIgniter.php(349): CodeIgniter\CodeIgniter->handleRequest(null, Object(Config\Cache), false)
 9 FCPATH\index.php(55): CodeIgniter\CodeIgniter->run()
10 SYSTEMPATH\Commands\Server\rewrite.php(43): require_once('FCPATH\\index.php')
CRITICAL - 2022-08-05 04:52:19 --> Invalid argument supplied for foreach()
in APPPATH\Views\penerbangan\home.php on line 46.
 1 APPPATH\Views\penerbangan\home.php(46): CodeIgniter\Debug\Exceptions->errorHandler(2, 'Invalid argument supplied for foreach()', 'APPPATH\\Views\\penerbangan\\home.php', 46, [...])
 2 SYSTEMPATH\View\View.php(213): include('APPPATH\\Views\\penerbangan\\home.php')
 3 SYSTEMPATH\View\View.php(216): CodeIgniter\View\View->CodeIgniter\View\{closure}()
 4 SYSTEMPATH\Common.php(1135): CodeIgniter\View\View->render('penerbangan/home', [], true)
 5 APPPATH\Controllers\Penerbangan.php(27): view('penerbangan/home', [...])
 6 SYSTEMPATH\CodeIgniter.php(896): App\Controllers\Penerbangan->index()
 7 SYSTEMPATH\CodeIgniter.php(466): CodeIgniter\CodeIgniter->runController(Object(App\Controllers\Penerbangan))
 8 SYSTEMPATH\CodeIgniter.php(349): CodeIgniter\CodeIgniter->handleRequest(null, Object(Config\Cache), false)
 9 FCPATH\index.php(55): CodeIgniter\CodeIgniter->run()
10 SYSTEMPATH\Commands\Server\rewrite.php(43): require_once('FCPATH\\index.php')
CRITICAL - 2022-08-05 04:55:10 --> Trying to access array offset on value of type int
in APPPATH\Views\penerbangan\home.php on line 48.
 1 APPPATH\Views\penerbangan\home.php(48): CodeIgniter\Debug\Exceptions->errorHandler(8, 'Trying to access array offset on value of type int', 'APPPATH\\Views\\penerbangan\\home.php', 48, [...])
 2 SYSTEMPATH\View\View.php(213): include('APPPATH\\Views\\penerbangan\\home.php')
 3 SYSTEMPATH\View\View.php(216): CodeIgniter\View\View->CodeIgniter\View\{closure}()
 4 SYSTEMPATH\Common.php(1135): CodeIgniter\View\View->render('penerbangan/home', [], true)
 5 APPPATH\Controllers\Penerbangan.php(23): view('penerbangan/home', [...])
 6 SYSTEMPATH\CodeIgniter.php(896): App\Controllers\Penerbangan->index()
 7 SYSTEMPATH\CodeIgniter.php(466): CodeIgniter\CodeIgniter->runController(Object(App\Controllers\Penerbangan))
 8 SYSTEMPATH\CodeIgniter.php(349): CodeIgniter\CodeIgniter->handleRequest(null, Object(Config\Cache), false)
 9 FCPATH\index.php(55): CodeIgniter\CodeIgniter->run()
10 SYSTEMPATH\Commands\Server\rewrite.php(43): require_once('FCPATH\\index.php')
ERROR - 2022-08-05 04:59:18 --> Table 'tiket_penerbangan.transpostasi' doesn't exist
CRITICAL - 2022-08-05 04:59:18 --> Table 'tiket_penerbangan.transpostasi' doesn't exist
in SYSTEMPATH\Database\MySQLi\Connection.php on line 292.
 1 SYSTEMPATH\Database\MySQLi\Connection.php(292): mysqli->query('SELECT `rute`.*, `transportasi`.`code`
FROM `rute`
JOIN `transpostasi` ON `transportasi`.`idtransportasi`=`rute`.`id_trans`', 0)
 2 SYSTEMPATH\Database\BaseConnection.php(695): CodeIgniter\Database\MySQLi\Connection->execute('SELECT `rute`.*, `transportasi`.`code`
FROM `rute`
JOIN `transpostasi` ON `transportasi`.`idtransportasi`=`rute`.`id_trans`')
 3 SYSTEMPATH\Database\BaseConnection.php(609): CodeIgniter\Database\BaseConnection->simpleQuery('SELECT `rute`.*, `transportasi`.`code`
FROM `rute`
JOIN `transpostasi` ON `transportasi`.`idtransportasi`=`rute`.`id_trans`')
 4 SYSTEMPATH\Database\BaseBuilder.php(1585): CodeIgniter\Database\BaseConnection->query('SELECT `rute`.*, `transportasi`.`code`
FROM `rute`
JOIN `transpostasi` ON `transportasi`.`idtransportasi`=`rute`.`id_trans`', [], false)
 5 SYSTEMPATH\Model.php(222): CodeIgniter\Database\BaseBuilder->get()
 6 SYSTEMPATH\BaseModel.php(584): CodeIgniter\Model->doFindAll(0, 0)
 7 APPPATH\Controllers\Penerbangan.php(17): CodeIgniter\BaseModel->findAll()
 8 SYSTEMPATH\CodeIgniter.php(896): App\Controllers\Penerbangan->index()
 9 SYSTEMPATH\CodeIgniter.php(466): CodeIgniter\CodeIgniter->runController(Object(App\Controllers\Penerbangan))
10 SYSTEMPATH\CodeIgniter.php(349): CodeIgniter\CodeIgniter->handleRequest(null, Object(Config\Cache), false)
11 FCPATH\index.php(55): CodeIgniter\CodeIgniter->run()
12 SYSTEMPATH\Commands\Server\rewrite.php(43): require_once('FCPATH\\index.php')
CRITICAL - 2022-08-05 05:10:11 --> Undefined index: code
in APPPATH\Views\tiket\home.php on line 52.
 1 APPPATH\Views\tiket\home.php(52): CodeIgniter\Debug\Exceptions->errorHandler(8, 'Undefined index: code', 'APPPATH\\Views\\tiket\\home.php', 52, [...])
 2 SYSTEMPATH\View\View.php(213): include('APPPATH\\Views\\tiket\\home.php')
 3 SYSTEMPATH\View\View.php(216): CodeIgniter\View\View->CodeIgniter\View\{closure}()
 4 SYSTEMPATH\Common.php(1135): CodeIgniter\View\View->render('tiket/home', [], true)
 5 APPPATH\Controllers\Tiket.php(21): view('tiket/home', [...])
 6 SYSTEMPATH\CodeIgniter.php(896): App\Controllers\Tiket->index()
 7 SYSTEMPATH\CodeIgniter.php(466): CodeIgniter\CodeIgniter->runController(Object(App\Controllers\Tiket))
 8 SYSTEMPATH\CodeIgniter.php(349): CodeIgniter\CodeIgniter->handleRequest(null, Object(Config\Cache), false)
 9 FCPATH\index.php(55): CodeIgniter\CodeIgniter->run()
10 SYSTEMPATH\Commands\Server\rewrite.php(43): require_once('FCPATH\\index.php')
CRITICAL - 2022-08-05 23:30:37 --> Undefined variable: title
in APPPATH\Views\penerbangan\home.php on line 6.
 1 APPPATH\Views\penerbangan\home.php(6): CodeIgniter\Debug\Exceptions->errorHandler(8, 'Undefined variable: title', 'APPPATH\\Views\\penerbangan\\home.php', 6, [])
 2 SYSTEMPATH\View\View.php(213): include('APPPATH\\Views\\penerbangan\\home.php')
 3 SYSTEMPATH\View\View.php(216): CodeIgniter\View\View->CodeIgniter\View\{closure}()
 4 SYSTEMPATH\Common.php(1135): CodeIgniter\View\View->render('penerbangan/home', [], true)
 5 APPPATH\Controllers\Penerbangan.php(38): view('penerbangan/home')
 6 SYSTEMPATH\CodeIgniter.php(896): App\Controllers\Penerbangan->save()
 7 SYSTEMPATH\CodeIgniter.php(466): CodeIgniter\CodeIgniter->runController(Object(App\Controllers\Penerbangan))
 8 SYSTEMPATH\CodeIgniter.php(349): CodeIgniter\CodeIgniter->handleRequest(null, Object(Config\Cache), false)
 9 FCPATH\index.php(55): CodeIgniter\CodeIgniter->run()
10 SYSTEMPATH\Commands\Server\rewrite.php(43): require_once('FCPATH\\index.php')
